<?xml version="1.0" encoding="UTF-8"?>
<checkstyle version="8.39">
<file name="F:\COSAS IMPORTANTES\SCRIPSTSTSTSTS\ENVS\automation_test2\automationtest\src\main\java\com\mauroooo\App.java">
</file>
<file name="F:\COSAS IMPORTANTES\SCRIPSTSTSTSTS\ENVS\automation_test2\automationtest\src\test\java\com\mauroooo\AppTest.java">
<error line="4" column="1" severity="error" message="&apos;org.testng.Assert.assertEquals&apos; should be separated from previous imports." source="com.puppycrawl.tools.checkstyle.checks.imports.ImportOrderCheck"/>
</file>
<file name="F:\COSAS IMPORTANTES\SCRIPSTSTSTSTS\ENVS\automation_test2\automationtest\src\test\java\pages\GoogleHomePage.java">
<error line="9" column="1" severity="error" message="Extra separation in import group before &apos;org.openqa.selenium.firefox.FirefoxDriver&apos;" source="com.puppycrawl.tools.checkstyle.checks.imports.ImportOrderCheck"/>
<error line="11" column="1" severity="error" message="Extra separation in import group before &apos;io.github.bonigarcia.wdm.WebDriverManager&apos;" source="com.puppycrawl.tools.checkstyle.checks.imports.ImportOrderCheck"/>
<error line="11" column="1" severity="error" message="Wrong order for &apos;io.github.bonigarcia.wdm.WebDriverManager&apos; import." source="com.puppycrawl.tools.checkstyle.checks.imports.ImportOrderCheck"/>
<error line="13" column="1" severity="error" message="Missing a Javadoc comment." source="com.puppycrawl.tools.checkstyle.checks.javadoc.MissingJavadocTypeCheck"/>
<error line="13" column="1" severity="error" message="Utility classes should not have a public or default constructor." source="com.puppycrawl.tools.checkstyle.checks.design.HideUtilityClassConstructorCheck"/>
<error line="14" column="5" severity="error" message="Missing a Javadoc comment." source="com.puppycrawl.tools.checkstyle.checks.javadoc.JavadocVariableCheck"/>
<error line="14" column="32" severity="error" message="Variable &apos;driver&apos; must be private and have accessor methods." source="com.puppycrawl.tools.checkstyle.checks.design.VisibilityModifierCheck"/>
<error line="17" column="11" severity="error" message="&apos;{&apos; is not preceded with whitespace." source="com.puppycrawl.tools.checkstyle.checks.whitespace.WhitespaceAroundCheck"/>
<error line="17" column="11" severity="error" message="Must have at least one statement." source="com.puppycrawl.tools.checkstyle.checks.blocks.EmptyBlockCheck"/>
<error line="22" column="5" severity="error" message="&apos;METHOD_DEF&apos; should be separated from previous statement." source="com.puppycrawl.tools.checkstyle.checks.whitespace.EmptyLineSeparatorCheck"/>
<error line="27" column="5" severity="error" message="&apos;CTOR_DEF&apos; has more than 1 empty lines before." source="com.puppycrawl.tools.checkstyle.checks.whitespace.EmptyLineSeparatorCheck"/>
<error line="27" column="5" severity="error" message="Constructor definition in wrong order." source="com.puppycrawl.tools.checkstyle.checks.coding.DeclarationOrderCheck"/>
<error line="27" column="44" severity="error" message="&apos;{&apos; is not preceded with whitespace." source="com.puppycrawl.tools.checkstyle.checks.whitespace.WhitespaceAroundCheck"/>
<error line="28" column="16" severity="error" message="Assignment of parameter &apos;driver&apos; is not allowed." source="com.puppycrawl.tools.checkstyle.checks.coding.ParameterAssignmentCheck"/>
<error line="32" column="46" severity="error" message="&apos;{&apos; is not preceded with whitespace." source="com.puppycrawl.tools.checkstyle.checks.whitespace.WhitespaceAroundCheck"/>
</file>
<file name="F:\COSAS IMPORTANTES\SCRIPSTSTSTSTS\ENVS\automation_test2\automationtest\src\test\java\runner\Runner.java">
<error line="6" column="1" severity="error" message="Missing a Javadoc comment." source="com.puppycrawl.tools.checkstyle.checks.javadoc.MissingJavadocTypeCheck"/>
<error line="7" severity="error" message="Line has trailing spaces." source="com.puppycrawl.tools.checkstyle.checks.regexp.RegexpSinglelineCheck"/>
<error line="7" column="13" severity="error" message="&apos;=&apos; is not followed by whitespace." source="com.puppycrawl.tools.checkstyle.checks.whitespace.WhitespaceAroundCheck"/>
<error line="7" column="13" severity="error" message="&apos;=&apos; is not preceded with whitespace." source="com.puppycrawl.tools.checkstyle.checks.whitespace.WhitespaceAroundCheck"/>
<error line="8" column="9" severity="error" message="&apos;=&apos; is not followed by whitespace." source="com.puppycrawl.tools.checkstyle.checks.whitespace.WhitespaceAroundCheck"/>
<error line="8" column="9" severity="error" message="&apos;=&apos; is not preceded with whitespace." source="com.puppycrawl.tools.checkstyle.checks.whitespace.WhitespaceAroundCheck"/>
<error line="12" severity="error" message="Line has trailing spaces." source="com.puppycrawl.tools.checkstyle.checks.regexp.RegexpSinglelineCheck"/>
</file>
<file name="F:\COSAS IMPORTANTES\SCRIPSTSTSTSTS\ENVS\automation_test2\automationtest\src\test\java\steps\GoogleSteps.java">
<error line="3" column="27" severity="error" message="Using the &apos;.*&apos; form of import should be avoided - io.cucumber.java.en.*." source="com.puppycrawl.tools.checkstyle.checks.imports.AvoidStarImportCheck"/>
<error line="6" column="1" severity="error" message="Missing a Javadoc comment." source="com.puppycrawl.tools.checkstyle.checks.javadoc.MissingJavadocTypeCheck"/>
<error line="7" severity="error" message="Line has trailing spaces." source="com.puppycrawl.tools.checkstyle.checks.regexp.RegexpSinglelineCheck"/>
<error line="8" column="5" severity="error" message="Missing a Javadoc comment." source="com.puppycrawl.tools.checkstyle.checks.javadoc.MissingJavadocMethodCheck"/>
<error line="9" column="33" severity="error" message="&apos;{&apos; is not preceded with whitespace." source="com.puppycrawl.tools.checkstyle.checks.whitespace.WhitespaceAroundCheck"/>
<error line="10" severity="error" message="Line has trailing spaces." source="com.puppycrawl.tools.checkstyle.checks.regexp.RegexpSinglelineCheck"/>
<error line="12" severity="error" message="Line has trailing spaces." source="com.puppycrawl.tools.checkstyle.checks.regexp.RegexpSinglelineCheck"/>
<error line="19" severity="error" message="Line has trailing spaces." source="com.puppycrawl.tools.checkstyle.checks.regexp.RegexpSinglelineCheck"/>
<error line="20" column="5" severity="error" message="&apos;METHOD_DEF&apos; has more than 1 empty lines after." source="com.puppycrawl.tools.checkstyle.checks.whitespace.EmptyLineSeparatorCheck"/>
</file>
</checkstyle>
